2025-07-22 23:29:56,062 - src.data_processing.processors.report_processor - INFO - report_processor.py:60 - 研报数据处理器初始化完成
2025-07-22 23:29:56,063 - src.data_processing.processors.report_processor - INFO - report_processor.py:78 - 开始批量处理数据，格式: list
2025-07-22 23:29:56,063 - src.data_processing.processors.report_processor - INFO - report_processor.py:87 - 载入 100 条研报数据
2025-07-22 23:29:56,063 - src.data_processing.processors.report_processor - INFO - report_processor.py:188 - 处理第 1 批，共 15 条
2025-07-22 23:29:56,064 - src.data_processing.processors.report_processor - ERROR - report_processor.py:258 - 处理单个报告失败: 'EnsembleAnomalyDetector' object has no attribute 'detect_anomaly'
2025-07-22 23:29:56,064 - src.data_processing.processors.report_processor - ERROR - report_processor.py:258 - 处理单个报告失败: 'EnsembleAnomalyDetector' object has no attribute 'detect_anomaly'
2025-07-22 23:29:56,064 - src.data_processing.processors.report_processor - ERROR - report_processor.py:258 - 处理单个报告失败: 'EnsembleAnomalyDetector' object has no attribute 'detect_anomaly'
2025-07-22 23:29:56,064 - src.data_processing.processors.report_processor - ERROR - report_processor.py:258 - 处理单个报告失败: 'EnsembleAnomalyDetector' object has no attribute 'detect_anomaly'
2025-07-22 23:29:56,065 - src.data_processing.processors.report_processor - ERROR - report_processor.py:258 - 处理单个报告失败: 'EnsembleAnomalyDetector' object has no attribute 'detect_anomaly'
2025-07-22 23:29:56,065 - src.data_processing.processors.report_processor - ERROR - report_processor.py:258 - 处理单个报告失败: 'EnsembleAnomalyDetector' object has no attribute 'detect_anomaly'
2025-07-22 23:29:56,065 - src.data_processing.processors.report_processor - ERROR - report_processor.py:258 - 处理单个报告失败: 'EnsembleAnomalyDetector' object has no attribute 'detect_anomaly'
2025-07-22 23:29:56,065 - src.data_processing.processors.report_processor - ERROR - report_processor.py:258 - 处理单个报告失败: 'EnsembleAnomalyDetector' object has no attribute 'detect_anomaly'
2025-07-22 23:29:56,065 - src.data_processing.processors.report_processor - ERROR - report_processor.py:258 - 处理单个报告失败: 'EnsembleAnomalyDetector' object has no attribute 'detect_anomaly'
2025-07-22 23:29:56,065 - src.data_processing.processors.report_processor - ERROR - report_processor.py:258 - 处理单个报告失败: 'EnsembleAnomalyDetector' object has no attribute 'detect_anomaly'
2025-07-22 23:29:56,065 - src.data_processing.processors.report_processor - ERROR - report_processor.py:258 - 处理单个报告失败: 'EnsembleAnomalyDetector' object has no attribute 'detect_anomaly'
2025-07-22 23:29:56,065 - src.data_processing.processors.report_processor - ERROR - report_processor.py:258 - 处理单个报告失败: 'EnsembleAnomalyDetector' object has no attribute 'detect_anomaly'
2025-07-22 23:29:56,065 - src.data_processing.processors.report_processor - ERROR - report_processor.py:258 - 处理单个报告失败: 'EnsembleAnomalyDetector' object has no attribute 'detect_anomaly'
2025-07-22 23:29:56,066 - src.data_processing.processors.report_processor - ERROR - report_processor.py:258 - 处理单个报告失败: 'EnsembleAnomalyDetector' object has no attribute 'detect_anomaly'
2025-07-22 23:29:56,066 - src.data_processing.processors.report_processor - ERROR - report_processor.py:258 - 处理单个报告失败: 'EnsembleAnomalyDetector' object has no attribute 'detect_anomaly'
2025-07-22 23:29:56,066 - src.data_processing.processors.report_processor - ERROR - report_processor.py:197 - 处理报告失败: 'EnsembleAnomalyDetector' object has no attribute 'detect_anomaly'
2025-07-22 23:29:56,066 - src.data_processing.processors.report_processor - ERROR - report_processor.py:197 - 处理报告失败: 'EnsembleAnomalyDetector' object has no attribute 'detect_anomaly'
2025-07-22 23:29:56,066 - src.data_processing.processors.report_processor - ERROR - report_processor.py:197 - 处理报告失败: 'EnsembleAnomalyDetector' object has no attribute 'detect_anomaly'
2025-07-22 23:29:56,066 - src.data_processing.processors.report_processor - ERROR - report_processor.py:197 - 处理报告失败: 'EnsembleAnomalyDetector' object has no attribute 'detect_anomaly'
2025-07-22 23:29:56,066 - src.data_processing.processors.report_processor - ERROR - report_processor.py:197 - 处理报告失败: 'EnsembleAnomalyDetector' object has no attribute 'detect_anomaly'
2025-07-22 23:29:56,066 - src.data_processing.processors.report_processor - ERROR - report_processor.py:197 - 处理报告失败: 'EnsembleAnomalyDetector' object has no attribute 'detect_anomaly'
2025-07-22 23:29:56,066 - src.data_processing.processors.report_processor - ERROR - report_processor.py:197 - 处理报告失败: 'EnsembleAnomalyDetector' object has no attribute 'detect_anomaly'
2025-07-22 23:29:56,067 - src.data_processing.processors.report_processor - ERROR - report_processor.py:197 - 处理报告失败: 'EnsembleAnomalyDetector' object has no attribute 'detect_anomaly'
2025-07-22 23:29:56,067 - src.data_processing.processors.report_processor - ERROR - report_processor.py:197 - 处理报告失败: 'EnsembleAnomalyDetector' object has no attribute 'detect_anomaly'
2025-07-22 23:29:56,067 - src.data_processing.processors.report_processor - ERROR - report_processor.py:197 - 处理报告失败: 'EnsembleAnomalyDetector' object has no attribute 'detect_anomaly'
2025-07-22 23:29:56,067 - src.data_processing.processors.report_processor - ERROR - report_processor.py:197 - 处理报告失败: 'EnsembleAnomalyDetector' object has no attribute 'detect_anomaly'
2025-07-22 23:29:56,067 - src.data_processing.processors.report_processor - ERROR - report_processor.py:197 - 处理报告失败: 'EnsembleAnomalyDetector' object has no attribute 'detect_anomaly'
2025-07-22 23:29:56,067 - src.data_processing.processors.report_processor - ERROR - report_processor.py:197 - 处理报告失败: 'EnsembleAnomalyDetector' object has no attribute 'detect_anomaly'
2025-07-22 23:29:56,067 - src.data_processing.processors.report_processor - ERROR - report_processor.py:197 - 处理报告失败: 'EnsembleAnomalyDetector' object has no attribute 'detect_anomaly'
2025-07-22 23:29:56,067 - src.data_processing.processors.report_processor - ERROR - report_processor.py:197 - 处理报告失败: 'EnsembleAnomalyDetector' object has no attribute 'detect_anomaly'
2025-07-22 23:29:56,067 - src.data_processing.processors.report_processor - INFO - report_processor.py:215 - 处理进度: 15.0%
2025-07-22 23:29:56,177 - src.data_processing.processors.report_processor - INFO - report_processor.py:188 - 处理第 2 批，共 15 条
2025-07-22 23:29:56,177 - src.data_processing.processors.report_processor - ERROR - report_processor.py:258 - 处理单个报告失败: 'EnsembleAnomalyDetector' object has no attribute 'detect_anomaly'
2025-07-22 23:29:56,178 - src.data_processing.processors.report_processor - ERROR - report_processor.py:258 - 处理单个报告失败: 'EnsembleAnomalyDetector' object has no attribute 'detect_anomaly'
2025-07-22 23:29:56,178 - src.data_processing.processors.report_processor - ERROR - report_processor.py:258 - 处理单个报告失败: 'EnsembleAnomalyDetector' object has no attribute 'detect_anomaly'
2025-07-22 23:29:56,178 - src.data_processing.processors.report_processor - ERROR - report_processor.py:258 - 处理单个报告失败: 'EnsembleAnomalyDetector' object has no attribute 'detect_anomaly'
2025-07-22 23:29:56,178 - src.data_processing.processors.report_processor - ERROR - report_processor.py:258 - 处理单个报告失败: 'EnsembleAnomalyDetector' object has no attribute 'detect_anomaly'
2025-07-22 23:29:56,178 - src.data_processing.processors.report_processor - ERROR - report_processor.py:258 - 处理单个报告失败: 'EnsembleAnomalyDetector' object has no attribute 'detect_anomaly'
2025-07-22 23:29:56,179 - src.data_processing.processors.report_processor - ERROR - report_processor.py:258 - 处理单个报告失败: 'EnsembleAnomalyDetector' object has no attribute 'detect_anomaly'
2025-07-22 23:29:56,179 - src.data_processing.processors.report_processor - ERROR - report_processor.py:258 - 处理单个报告失败: 'EnsembleAnomalyDetector' object has no attribute 'detect_anomaly'
2025-07-22 23:29:56,179 - src.data_processing.processors.report_processor - ERROR - report_processor.py:258 - 处理单个报告失败: 'EnsembleAnomalyDetector' object has no attribute 'detect_anomaly'
2025-07-22 23:29:56,179 - src.data_processing.processors.report_processor - ERROR - report_processor.py:258 - 处理单个报告失败: 'EnsembleAnomalyDetector' object has no attribute 'detect_anomaly'
2025-07-22 23:29:56,179 - src.data_processing.processors.report_processor - ERROR - report_processor.py:258 - 处理单个报告失败: 'EnsembleAnomalyDetector' object has no attribute 'detect_anomaly'
2025-07-22 23:29:56,179 - src.data_processing.processors.report_processor - ERROR - report_processor.py:258 - 处理单个报告失败: 'EnsembleAnomalyDetector' object has no attribute 'detect_anomaly'
2025-07-22 23:29:56,179 - src.data_processing.processors.report_processor - ERROR - report_processor.py:258 - 处理单个报告失败: 'EnsembleAnomalyDetector' object has no attribute 'detect_anomaly'
2025-07-22 23:29:56,179 - src.data_processing.processors.report_processor - ERROR - report_processor.py:258 - 处理单个报告失败: 'EnsembleAnomalyDetector' object has no attribute 'detect_anomaly'
2025-07-22 23:29:56,179 - src.data_processing.processors.report_processor - ERROR - report_processor.py:258 - 处理单个报告失败: 'EnsembleAnomalyDetector' object has no attribute 'detect_anomaly'
2025-07-22 23:29:56,180 - src.data_processing.processors.report_processor - ERROR - report_processor.py:197 - 处理报告失败: 'EnsembleAnomalyDetector' object has no attribute 'detect_anomaly'
2025-07-22 23:29:56,180 - src.data_processing.processors.report_processor - ERROR - report_processor.py:197 - 处理报告失败: 'EnsembleAnomalyDetector' object has no attribute 'detect_anomaly'
2025-07-22 23:29:56,180 - src.data_processing.processors.report_processor - ERROR - report_processor.py:197 - 处理报告失败: 'EnsembleAnomalyDetector' object has no attribute 'detect_anomaly'
2025-07-22 23:29:56,180 - src.data_processing.processors.report_processor - ERROR - report_processor.py:197 - 处理报告失败: 'EnsembleAnomalyDetector' object has no attribute 'detect_anomaly'
2025-07-22 23:29:56,180 - src.data_processing.processors.report_processor - ERROR - report_processor.py:197 - 处理报告失败: 'EnsembleAnomalyDetector' object has no attribute 'detect_anomaly'
2025-07-22 23:29:56,181 - src.data_processing.processors.report_processor - ERROR - report_processor.py:197 - 处理报告失败: 'EnsembleAnomalyDetector' object has no attribute 'detect_anomaly'
2025-07-22 23:29:56,181 - src.data_processing.processors.report_processor - ERROR - report_processor.py:197 - 处理报告失败: 'EnsembleAnomalyDetector' object has no attribute 'detect_anomaly'
2025-07-22 23:29:56,181 - src.data_processing.processors.report_processor - ERROR - report_processor.py:197 - 处理报告失败: 'EnsembleAnomalyDetector' object has no attribute 'detect_anomaly'
2025-07-22 23:29:56,181 - src.data_processing.processors.report_processor - ERROR - report_processor.py:197 - 处理报告失败: 'EnsembleAnomalyDetector' object has no attribute 'detect_anomaly'
2025-07-22 23:29:56,181 - src.data_processing.processors.report_processor - ERROR - report_processor.py:197 - 处理报告失败: 'EnsembleAnomalyDetector' object has no attribute 'detect_anomaly'
2025-07-22 23:29:56,181 - src.data_processing.processors.report_processor - ERROR - report_processor.py:197 - 处理报告失败: 'EnsembleAnomalyDetector' object has no attribute 'detect_anomaly'
2025-07-22 23:29:56,181 - src.data_processing.processors.report_processor - ERROR - report_processor.py:197 - 处理报告失败: 'EnsembleAnomalyDetector' object has no attribute 'detect_anomaly'
2025-07-22 23:29:56,181 - src.data_processing.processors.report_processor - ERROR - report_processor.py:197 - 处理报告失败: 'EnsembleAnomalyDetector' object has no attribute 'detect_anomaly'
2025-07-22 23:29:56,181 - src.data_processing.processors.report_processor - ERROR - report_processor.py:197 - 处理报告失败: 'EnsembleAnomalyDetector' object has no attribute 'detect_anomaly'
2025-07-22 23:29:56,182 - src.data_processing.processors.report_processor - ERROR - report_processor.py:197 - 处理报告失败: 'EnsembleAnomalyDetector' object has no attribute 'detect_anomaly'
2025-07-22 23:29:56,182 - src.data_processing.processors.report_processor - INFO - report_processor.py:215 - 处理进度: 30.0%
2025-07-22 23:29:56,284 - src.data_processing.processors.report_processor - INFO - report_processor.py:188 - 处理第 3 批，共 15 条
2025-07-22 23:29:56,285 - src.data_processing.processors.report_processor - ERROR - report_processor.py:258 - 处理单个报告失败: 'EnsembleAnomalyDetector' object has no attribute 'detect_anomaly'
2025-07-22 23:29:56,285 - src.data_processing.processors.report_processor - ERROR - report_processor.py:258 - 处理单个报告失败: 'EnsembleAnomalyDetector' object has no attribute 'detect_anomaly'
2025-07-22 23:29:56,285 - src.data_processing.processors.report_processor - ERROR - report_processor.py:258 - 处理单个报告失败: 'EnsembleAnomalyDetector' object has no attribute 'detect_anomaly'
2025-07-22 23:29:56,286 - src.data_processing.processors.report_processor - ERROR - report_processor.py:258 - 处理单个报告失败: 'EnsembleAnomalyDetector' object has no attribute 'detect_anomaly'
2025-07-22 23:29:56,286 - src.data_processing.processors.report_processor - ERROR - report_processor.py:258 - 处理单个报告失败: 'EnsembleAnomalyDetector' object has no attribute 'detect_anomaly'
2025-07-22 23:29:56,286 - src.data_processing.processors.report_processor - ERROR - report_processor.py:258 - 处理单个报告失败: 'EnsembleAnomalyDetector' object has no attribute 'detect_anomaly'
2025-07-22 23:29:56,286 - src.data_processing.processors.report_processor - ERROR - report_processor.py:258 - 处理单个报告失败: 'EnsembleAnomalyDetector' object has no attribute 'detect_anomaly'
2025-07-22 23:29:56,286 - src.data_processing.processors.report_processor - ERROR - report_processor.py:258 - 处理单个报告失败: 'EnsembleAnomalyDetector' object has no attribute 'detect_anomaly'
2025-07-22 23:29:56,287 - src.data_processing.processors.report_processor - ERROR - report_processor.py:258 - 处理单个报告失败: 'EnsembleAnomalyDetector' object has no attribute 'detect_anomaly'
2025-07-22 23:29:56,287 - src.data_processing.processors.report_processor - ERROR - report_processor.py:258 - 处理单个报告失败: 'EnsembleAnomalyDetector' object has no attribute 'detect_anomaly'
2025-07-22 23:29:56,287 - src.data_processing.processors.report_processor - ERROR - report_processor.py:258 - 处理单个报告失败: 'EnsembleAnomalyDetector' object has no attribute 'detect_anomaly'
2025-07-22 23:29:56,287 - src.data_processing.processors.report_processor - ERROR - report_processor.py:258 - 处理单个报告失败: 'EnsembleAnomalyDetector' object has no attribute 'detect_anomaly'
2025-07-22 23:29:56,287 - src.data_processing.processors.report_processor - ERROR - report_processor.py:258 - 处理单个报告失败: 'EnsembleAnomalyDetector' object has no attribute 'detect_anomaly'
2025-07-22 23:29:56,287 - src.data_processing.processors.report_processor - ERROR - report_processor.py:258 - 处理单个报告失败: 'EnsembleAnomalyDetector' object has no attribute 'detect_anomaly'
2025-07-22 23:29:56,287 - src.data_processing.processors.report_processor - ERROR - report_processor.py:258 - 处理单个报告失败: 'EnsembleAnomalyDetector' object has no attribute 'detect_anomaly'
2025-07-22 23:29:56,287 - src.data_processing.processors.report_processor - ERROR - report_processor.py:197 - 处理报告失败: 'EnsembleAnomalyDetector' object has no attribute 'detect_anomaly'
2025-07-22 23:29:56,288 - src.data_processing.processors.report_processor - ERROR - report_processor.py:197 - 处理报告失败: 'EnsembleAnomalyDetector' object has no attribute 'detect_anomaly'
2025-07-22 23:29:56,288 - src.data_processing.processors.report_processor - ERROR - report_processor.py:197 - 处理报告失败: 'EnsembleAnomalyDetector' object has no attribute 'detect_anomaly'
2025-07-22 23:29:56,288 - src.data_processing.processors.report_processor - ERROR - report_processor.py:197 - 处理报告失败: 'EnsembleAnomalyDetector' object has no attribute 'detect_anomaly'
2025-07-22 23:29:56,288 - src.data_processing.processors.report_processor - ERROR - report_processor.py:197 - 处理报告失败: 'EnsembleAnomalyDetector' object has no attribute 'detect_anomaly'
2025-07-22 23:29:56,288 - src.data_processing.processors.report_processor - ERROR - report_processor.py:197 - 处理报告失败: 'EnsembleAnomalyDetector' object has no attribute 'detect_anomaly'
2025-07-22 23:29:56,288 - src.data_processing.processors.report_processor - ERROR - report_processor.py:197 - 处理报告失败: 'EnsembleAnomalyDetector' object has no attribute 'detect_anomaly'
2025-07-22 23:29:56,288 - src.data_processing.processors.report_processor - ERROR - report_processor.py:197 - 处理报告失败: 'EnsembleAnomalyDetector' object has no attribute 'detect_anomaly'
2025-07-22 23:29:56,288 - src.data_processing.processors.report_processor - ERROR - report_processor.py:197 - 处理报告失败: 'EnsembleAnomalyDetector' object has no attribute 'detect_anomaly'
2025-07-22 23:29:56,288 - src.data_processing.processors.report_processor - ERROR - report_processor.py:197 - 处理报告失败: 'EnsembleAnomalyDetector' object has no attribute 'detect_anomaly'
2025-07-22 23:29:56,289 - src.data_processing.processors.report_processor - ERROR - report_processor.py:197 - 处理报告失败: 'EnsembleAnomalyDetector' object has no attribute 'detect_anomaly'
2025-07-22 23:29:56,289 - src.data_processing.processors.report_processor - ERROR - report_processor.py:197 - 处理报告失败: 'EnsembleAnomalyDetector' object has no attribute 'detect_anomaly'
2025-07-22 23:29:56,289 - src.data_processing.processors.report_processor - ERROR - report_processor.py:197 - 处理报告失败: 'EnsembleAnomalyDetector' object has no attribute 'detect_anomaly'
2025-07-22 23:29:56,289 - src.data_processing.processors.report_processor - ERROR - report_processor.py:197 - 处理报告失败: 'EnsembleAnomalyDetector' object has no attribute 'detect_anomaly'
2025-07-22 23:29:56,289 - src.data_processing.processors.report_processor - ERROR - report_processor.py:197 - 处理报告失败: 'EnsembleAnomalyDetector' object has no attribute 'detect_anomaly'
2025-07-22 23:29:56,289 - src.data_processing.processors.report_processor - INFO - report_processor.py:215 - 处理进度: 45.0%
2025-07-22 23:29:56,393 - src.data_processing.processors.report_processor - INFO - report_processor.py:188 - 处理第 4 批，共 15 条
2025-07-22 23:29:56,393 - src.data_processing.processors.report_processor - ERROR - report_processor.py:258 - 处理单个报告失败: 'EnsembleAnomalyDetector' object has no attribute 'detect_anomaly'
2025-07-22 23:29:56,393 - src.data_processing.processors.report_processor - ERROR - report_processor.py:258 - 处理单个报告失败: 'EnsembleAnomalyDetector' object has no attribute 'detect_anomaly'
2025-07-22 23:29:56,393 - src.data_processing.processors.report_processor - ERROR - report_processor.py:258 - 处理单个报告失败: 'EnsembleAnomalyDetector' object has no attribute 'detect_anomaly'
2025-07-22 23:29:56,393 - src.data_processing.processors.report_processor - ERROR - report_processor.py:258 - 处理单个报告失败: 'EnsembleAnomalyDetector' object has no attribute 'detect_anomaly'
2025-07-22 23:29:56,393 - src.data_processing.processors.report_processor - ERROR - report_processor.py:258 - 处理单个报告失败: 'EnsembleAnomalyDetector' object has no attribute 'detect_anomaly'
2025-07-22 23:29:56,393 - src.data_processing.processors.report_processor - ERROR - report_processor.py:258 - 处理单个报告失败: 'EnsembleAnomalyDetector' object has no attribute 'detect_anomaly'
2025-07-22 23:29:56,393 - src.data_processing.processors.report_processor - ERROR - report_processor.py:258 - 处理单个报告失败: 'EnsembleAnomalyDetector' object has no attribute 'detect_anomaly'
2025-07-22 23:29:56,395 - src.data_processing.processors.report_processor - ERROR - report_processor.py:258 - 处理单个报告失败: 'EnsembleAnomalyDetector' object has no attribute 'detect_anomaly'
2025-07-22 23:29:56,395 - src.data_processing.processors.report_processor - ERROR - report_processor.py:258 - 处理单个报告失败: 'EnsembleAnomalyDetector' object has no attribute 'detect_anomaly'
2025-07-22 23:29:56,395 - src.data_processing.processors.report_processor - ERROR - report_processor.py:258 - 处理单个报告失败: 'EnsembleAnomalyDetector' object has no attribute 'detect_anomaly'
2025-07-22 23:29:56,395 - src.data_processing.processors.report_processor - ERROR - report_processor.py:258 - 处理单个报告失败: 'EnsembleAnomalyDetector' object has no attribute 'detect_anomaly'
2025-07-22 23:29:56,395 - src.data_processing.processors.report_processor - ERROR - report_processor.py:258 - 处理单个报告失败: 'EnsembleAnomalyDetector' object has no attribute 'detect_anomaly'
2025-07-22 23:29:56,395 - src.data_processing.processors.report_processor - ERROR - report_processor.py:258 - 处理单个报告失败: 'EnsembleAnomalyDetector' object has no attribute 'detect_anomaly'
2025-07-22 23:29:56,395 - src.data_processing.processors.report_processor - ERROR - report_processor.py:258 - 处理单个报告失败: 'EnsembleAnomalyDetector' object has no attribute 'detect_anomaly'
2025-07-22 23:29:56,395 - src.data_processing.processors.report_processor - ERROR - report_processor.py:258 - 处理单个报告失败: 'EnsembleAnomalyDetector' object has no attribute 'detect_anomaly'
2025-07-22 23:29:56,395 - src.data_processing.processors.report_processor - ERROR - report_processor.py:197 - 处理报告失败: 'EnsembleAnomalyDetector' object has no attribute 'detect_anomaly'
2025-07-22 23:29:56,396 - src.data_processing.processors.report_processor - ERROR - report_processor.py:197 - 处理报告失败: 'EnsembleAnomalyDetector' object has no attribute 'detect_anomaly'
2025-07-22 23:29:56,396 - src.data_processing.processors.report_processor - ERROR - report_processor.py:197 - 处理报告失败: 'EnsembleAnomalyDetector' object has no attribute 'detect_anomaly'
2025-07-22 23:29:56,396 - src.data_processing.processors.report_processor - ERROR - report_processor.py:197 - 处理报告失败: 'EnsembleAnomalyDetector' object has no attribute 'detect_anomaly'
2025-07-22 23:29:56,396 - src.data_processing.processors.report_processor - ERROR - report_processor.py:197 - 处理报告失败: 'EnsembleAnomalyDetector' object has no attribute 'detect_anomaly'
2025-07-22 23:29:56,396 - src.data_processing.processors.report_processor - ERROR - report_processor.py:197 - 处理报告失败: 'EnsembleAnomalyDetector' object has no attribute 'detect_anomaly'
2025-07-22 23:29:56,396 - src.data_processing.processors.report_processor - ERROR - report_processor.py:197 - 处理报告失败: 'EnsembleAnomalyDetector' object has no attribute 'detect_anomaly'
2025-07-22 23:29:56,396 - src.data_processing.processors.report_processor - ERROR - report_processor.py:197 - 处理报告失败: 'EnsembleAnomalyDetector' object has no attribute 'detect_anomaly'
2025-07-22 23:29:56,396 - src.data_processing.processors.report_processor - ERROR - report_processor.py:197 - 处理报告失败: 'EnsembleAnomalyDetector' object has no attribute 'detect_anomaly'
2025-07-22 23:29:56,396 - src.data_processing.processors.report_processor - ERROR - report_processor.py:197 - 处理报告失败: 'EnsembleAnomalyDetector' object has no attribute 'detect_anomaly'
2025-07-22 23:29:56,397 - src.data_processing.processors.report_processor - ERROR - report_processor.py:197 - 处理报告失败: 'EnsembleAnomalyDetector' object has no attribute 'detect_anomaly'
2025-07-22 23:29:56,397 - src.data_processing.processors.report_processor - ERROR - report_processor.py:197 - 处理报告失败: 'EnsembleAnomalyDetector' object has no attribute 'detect_anomaly'
2025-07-22 23:29:56,397 - src.data_processing.processors.report_processor - ERROR - report_processor.py:197 - 处理报告失败: 'EnsembleAnomalyDetector' object has no attribute 'detect_anomaly'
2025-07-22 23:29:56,397 - src.data_processing.processors.report_processor - ERROR - report_processor.py:197 - 处理报告失败: 'EnsembleAnomalyDetector' object has no attribute 'detect_anomaly'
2025-07-22 23:29:56,397 - src.data_processing.processors.report_processor - ERROR - report_processor.py:197 - 处理报告失败: 'EnsembleAnomalyDetector' object has no attribute 'detect_anomaly'
2025-07-22 23:29:56,397 - src.data_processing.processors.report_processor - INFO - report_processor.py:215 - 处理进度: 60.0%
2025-07-22 23:29:56,502 - src.data_processing.processors.report_processor - INFO - report_processor.py:188 - 处理第 5 批，共 15 条
2025-07-22 23:29:56,502 - src.data_processing.processors.report_processor - ERROR - report_processor.py:258 - 处理单个报告失败: 'EnsembleAnomalyDetector' object has no attribute 'detect_anomaly'
2025-07-22 23:29:56,502 - src.data_processing.processors.report_processor - ERROR - report_processor.py:258 - 处理单个报告失败: 'EnsembleAnomalyDetector' object has no attribute 'detect_anomaly'
2025-07-22 23:29:56,502 - src.data_processing.processors.report_processor - ERROR - report_processor.py:258 - 处理单个报告失败: 'EnsembleAnomalyDetector' object has no attribute 'detect_anomaly'
2025-07-22 23:29:56,503 - src.data_processing.processors.report_processor - ERROR - report_processor.py:258 - 处理单个报告失败: 'EnsembleAnomalyDetector' object has no attribute 'detect_anomaly'
2025-07-22 23:29:56,503 - src.data_processing.processors.report_processor - ERROR - report_processor.py:258 - 处理单个报告失败: 'EnsembleAnomalyDetector' object has no attribute 'detect_anomaly'
2025-07-22 23:29:56,503 - src.data_processing.processors.report_processor - ERROR - report_processor.py:258 - 处理单个报告失败: 'EnsembleAnomalyDetector' object has no attribute 'detect_anomaly'
2025-07-22 23:29:56,503 - src.data_processing.processors.report_processor - ERROR - report_processor.py:258 - 处理单个报告失败: 'EnsembleAnomalyDetector' object has no attribute 'detect_anomaly'
2025-07-22 23:29:56,503 - src.data_processing.processors.report_processor - ERROR - report_processor.py:258 - 处理单个报告失败: 'EnsembleAnomalyDetector' object has no attribute 'detect_anomaly'
2025-07-22 23:29:56,503 - src.data_processing.processors.report_processor - ERROR - report_processor.py:258 - 处理单个报告失败: 'EnsembleAnomalyDetector' object has no attribute 'detect_anomaly'
2025-07-22 23:29:56,503 - src.data_processing.processors.report_processor - ERROR - report_processor.py:258 - 处理单个报告失败: 'EnsembleAnomalyDetector' object has no attribute 'detect_anomaly'
2025-07-22 23:29:56,503 - src.data_processing.processors.report_processor - ERROR - report_processor.py:258 - 处理单个报告失败: 'EnsembleAnomalyDetector' object has no attribute 'detect_anomaly'
2025-07-22 23:29:56,503 - src.data_processing.processors.report_processor - ERROR - report_processor.py:258 - 处理单个报告失败: 'EnsembleAnomalyDetector' object has no attribute 'detect_anomaly'
2025-07-22 23:29:56,505 - src.data_processing.processors.report_processor - ERROR - report_processor.py:258 - 处理单个报告失败: 'EnsembleAnomalyDetector' object has no attribute 'detect_anomaly'
2025-07-22 23:29:56,505 - src.data_processing.processors.report_processor - ERROR - report_processor.py:258 - 处理单个报告失败: 'EnsembleAnomalyDetector' object has no attribute 'detect_anomaly'
2025-07-22 23:29:56,505 - src.data_processing.processors.report_processor - ERROR - report_processor.py:258 - 处理单个报告失败: 'EnsembleAnomalyDetector' object has no attribute 'detect_anomaly'
2025-07-22 23:29:56,505 - src.data_processing.processors.report_processor - ERROR - report_processor.py:197 - 处理报告失败: 'EnsembleAnomalyDetector' object has no attribute 'detect_anomaly'
2025-07-22 23:29:56,505 - src.data_processing.processors.report_processor - ERROR - report_processor.py:197 - 处理报告失败: 'EnsembleAnomalyDetector' object has no attribute 'detect_anomaly'
2025-07-22 23:29:56,505 - src.data_processing.processors.report_processor - ERROR - report_processor.py:197 - 处理报告失败: 'EnsembleAnomalyDetector' object has no attribute 'detect_anomaly'
2025-07-22 23:29:56,505 - src.data_processing.processors.report_processor - ERROR - report_processor.py:197 - 处理报告失败: 'EnsembleAnomalyDetector' object has no attribute 'detect_anomaly'
2025-07-22 23:29:56,505 - src.data_processing.processors.report_processor - ERROR - report_processor.py:197 - 处理报告失败: 'EnsembleAnomalyDetector' object has no attribute 'detect_anomaly'
2025-07-22 23:29:56,505 - src.data_processing.processors.report_processor - ERROR - report_processor.py:197 - 处理报告失败: 'EnsembleAnomalyDetector' object has no attribute 'detect_anomaly'
2025-07-22 23:29:56,505 - src.data_processing.processors.report_processor - ERROR - report_processor.py:197 - 处理报告失败: 'EnsembleAnomalyDetector' object has no attribute 'detect_anomaly'
2025-07-22 23:29:56,506 - src.data_processing.processors.report_processor - ERROR - report_processor.py:197 - 处理报告失败: 'EnsembleAnomalyDetector' object has no attribute 'detect_anomaly'
2025-07-22 23:29:56,506 - src.data_processing.processors.report_processor - ERROR - report_processor.py:197 - 处理报告失败: 'EnsembleAnomalyDetector' object has no attribute 'detect_anomaly'
2025-07-22 23:29:56,506 - src.data_processing.processors.report_processor - ERROR - report_processor.py:197 - 处理报告失败: 'EnsembleAnomalyDetector' object has no attribute 'detect_anomaly'
2025-07-22 23:29:56,506 - src.data_processing.processors.report_processor - ERROR - report_processor.py:197 - 处理报告失败: 'EnsembleAnomalyDetector' object has no attribute 'detect_anomaly'
2025-07-22 23:29:56,506 - src.data_processing.processors.report_processor - ERROR - report_processor.py:197 - 处理报告失败: 'EnsembleAnomalyDetector' object has no attribute 'detect_anomaly'
2025-07-22 23:29:56,506 - src.data_processing.processors.report_processor - ERROR - report_processor.py:197 - 处理报告失败: 'EnsembleAnomalyDetector' object has no attribute 'detect_anomaly'
2025-07-22 23:29:56,507 - src.data_processing.processors.report_processor - ERROR - report_processor.py:197 - 处理报告失败: 'EnsembleAnomalyDetector' object has no attribute 'detect_anomaly'
2025-07-22 23:29:56,507 - src.data_processing.processors.report_processor - ERROR - report_processor.py:197 - 处理报告失败: 'EnsembleAnomalyDetector' object has no attribute 'detect_anomaly'
2025-07-22 23:29:56,507 - src.data_processing.processors.report_processor - INFO - report_processor.py:215 - 处理进度: 75.0%
2025-07-22 23:29:56,611 - src.data_processing.processors.report_processor - INFO - report_processor.py:188 - 处理第 6 批，共 15 条
2025-07-22 23:29:56,612 - src.data_processing.processors.report_processor - ERROR - report_processor.py:258 - 处理单个报告失败: 'EnsembleAnomalyDetector' object has no attribute 'detect_anomaly'
2025-07-22 23:29:56,612 - src.data_processing.processors.report_processor - ERROR - report_processor.py:258 - 处理单个报告失败: 'EnsembleAnomalyDetector' object has no attribute 'detect_anomaly'
2025-07-22 23:29:56,612 - src.data_processing.processors.report_processor - ERROR - report_processor.py:258 - 处理单个报告失败: 'EnsembleAnomalyDetector' object has no attribute 'detect_anomaly'
2025-07-22 23:29:56,612 - src.data_processing.processors.report_processor - ERROR - report_processor.py:258 - 处理单个报告失败: 'EnsembleAnomalyDetector' object has no attribute 'detect_anomaly'
2025-07-22 23:29:56,613 - src.data_processing.processors.report_processor - ERROR - report_processor.py:258 - 处理单个报告失败: 'EnsembleAnomalyDetector' object has no attribute 'detect_anomaly'
2025-07-22 23:29:56,613 - src.data_processing.processors.report_processor - ERROR - report_processor.py:258 - 处理单个报告失败: 'EnsembleAnomalyDetector' object has no attribute 'detect_anomaly'
2025-07-22 23:29:56,613 - src.data_processing.processors.report_processor - ERROR - report_processor.py:258 - 处理单个报告失败: 'EnsembleAnomalyDetector' object has no attribute 'detect_anomaly'
2025-07-22 23:29:56,613 - src.data_processing.processors.report_processor - ERROR - report_processor.py:258 - 处理单个报告失败: 'EnsembleAnomalyDetector' object has no attribute 'detect_anomaly'
2025-07-22 23:29:56,613 - src.data_processing.processors.report_processor - ERROR - report_processor.py:258 - 处理单个报告失败: 'EnsembleAnomalyDetector' object has no attribute 'detect_anomaly'
2025-07-22 23:29:56,613 - src.data_processing.processors.report_processor - ERROR - report_processor.py:258 - 处理单个报告失败: 'EnsembleAnomalyDetector' object has no attribute 'detect_anomaly'
2025-07-22 23:29:56,613 - src.data_processing.processors.report_processor - ERROR - report_processor.py:258 - 处理单个报告失败: 'EnsembleAnomalyDetector' object has no attribute 'detect_anomaly'
2025-07-22 23:29:56,613 - src.data_processing.processors.report_processor - ERROR - report_processor.py:258 - 处理单个报告失败: 'EnsembleAnomalyDetector' object has no attribute 'detect_anomaly'
2025-07-22 23:29:56,613 - src.data_processing.processors.report_processor - ERROR - report_processor.py:258 - 处理单个报告失败: 'EnsembleAnomalyDetector' object has no attribute 'detect_anomaly'
2025-07-22 23:29:56,614 - src.data_processing.processors.report_processor - ERROR - report_processor.py:258 - 处理单个报告失败: 'EnsembleAnomalyDetector' object has no attribute 'detect_anomaly'
2025-07-22 23:29:56,614 - src.data_processing.processors.report_processor - ERROR - report_processor.py:258 - 处理单个报告失败: 'EnsembleAnomalyDetector' object has no attribute 'detect_anomaly'
2025-07-22 23:29:56,614 - src.data_processing.processors.report_processor - ERROR - report_processor.py:197 - 处理报告失败: 'EnsembleAnomalyDetector' object has no attribute 'detect_anomaly'
2025-07-22 23:29:56,614 - src.data_processing.processors.report_processor - ERROR - report_processor.py:197 - 处理报告失败: 'EnsembleAnomalyDetector' object has no attribute 'detect_anomaly'
2025-07-22 23:29:56,614 - src.data_processing.processors.report_processor - ERROR - report_processor.py:197 - 处理报告失败: 'EnsembleAnomalyDetector' object has no attribute 'detect_anomaly'
2025-07-22 23:29:56,614 - src.data_processing.processors.report_processor - ERROR - report_processor.py:197 - 处理报告失败: 'EnsembleAnomalyDetector' object has no attribute 'detect_anomaly'
2025-07-22 23:29:56,614 - src.data_processing.processors.report_processor - ERROR - report_processor.py:197 - 处理报告失败: 'EnsembleAnomalyDetector' object has no attribute 'detect_anomaly'
2025-07-22 23:29:56,614 - src.data_processing.processors.report_processor - ERROR - report_processor.py:197 - 处理报告失败: 'EnsembleAnomalyDetector' object has no attribute 'detect_anomaly'
2025-07-22 23:29:56,615 - src.data_processing.processors.report_processor - ERROR - report_processor.py:197 - 处理报告失败: 'EnsembleAnomalyDetector' object has no attribute 'detect_anomaly'
2025-07-22 23:29:56,615 - src.data_processing.processors.report_processor - ERROR - report_processor.py:197 - 处理报告失败: 'EnsembleAnomalyDetector' object has no attribute 'detect_anomaly'
2025-07-22 23:29:56,615 - src.data_processing.processors.report_processor - ERROR - report_processor.py:197 - 处理报告失败: 'EnsembleAnomalyDetector' object has no attribute 'detect_anomaly'
2025-07-22 23:29:56,615 - src.data_processing.processors.report_processor - ERROR - report_processor.py:197 - 处理报告失败: 'EnsembleAnomalyDetector' object has no attribute 'detect_anomaly'
2025-07-22 23:29:56,615 - src.data_processing.processors.report_processor - ERROR - report_processor.py:197 - 处理报告失败: 'EnsembleAnomalyDetector' object has no attribute 'detect_anomaly'
2025-07-22 23:29:56,615 - src.data_processing.processors.report_processor - ERROR - report_processor.py:197 - 处理报告失败: 'EnsembleAnomalyDetector' object has no attribute 'detect_anomaly'
2025-07-22 23:29:56,615 - src.data_processing.processors.report_processor - ERROR - report_processor.py:197 - 处理报告失败: 'EnsembleAnomalyDetector' object has no attribute 'detect_anomaly'
2025-07-22 23:29:56,615 - src.data_processing.processors.report_processor - ERROR - report_processor.py:197 - 处理报告失败: 'EnsembleAnomalyDetector' object has no attribute 'detect_anomaly'
2025-07-22 23:29:56,615 - src.data_processing.processors.report_processor - ERROR - report_processor.py:197 - 处理报告失败: 'EnsembleAnomalyDetector' object has no attribute 'detect_anomaly'
2025-07-22 23:29:56,615 - src.data_processing.processors.report_processor - INFO - report_processor.py:215 - 处理进度: 90.0%
2025-07-22 23:29:56,720 - src.data_processing.processors.report_processor - INFO - report_processor.py:188 - 处理第 7 批，共 10 条
2025-07-22 23:29:56,721 - src.data_processing.processors.report_processor - ERROR - report_processor.py:258 - 处理单个报告失败: 'EnsembleAnomalyDetector' object has no attribute 'detect_anomaly'
2025-07-22 23:29:56,721 - src.data_processing.processors.report_processor - ERROR - report_processor.py:258 - 处理单个报告失败: 'EnsembleAnomalyDetector' object has no attribute 'detect_anomaly'
2025-07-22 23:29:56,722 - src.data_processing.processors.report_processor - ERROR - report_processor.py:258 - 处理单个报告失败: 'EnsembleAnomalyDetector' object has no attribute 'detect_anomaly'
2025-07-22 23:29:56,722 - src.data_processing.processors.report_processor - ERROR - report_processor.py:258 - 处理单个报告失败: 'EnsembleAnomalyDetector' object has no attribute 'detect_anomaly'
2025-07-22 23:29:56,722 - src.data_processing.processors.report_processor - ERROR - report_processor.py:258 - 处理单个报告失败: 'EnsembleAnomalyDetector' object has no attribute 'detect_anomaly'
2025-07-22 23:29:56,722 - src.data_processing.processors.report_processor - ERROR - report_processor.py:258 - 处理单个报告失败: 'EnsembleAnomalyDetector' object has no attribute 'detect_anomaly'
2025-07-22 23:29:56,722 - src.data_processing.processors.report_processor - ERROR - report_processor.py:258 - 处理单个报告失败: 'EnsembleAnomalyDetector' object has no attribute 'detect_anomaly'
2025-07-22 23:29:56,722 - src.data_processing.processors.report_processor - ERROR - report_processor.py:258 - 处理单个报告失败: 'EnsembleAnomalyDetector' object has no attribute 'detect_anomaly'
2025-07-22 23:29:56,723 - src.data_processing.processors.report_processor - ERROR - report_processor.py:258 - 处理单个报告失败: 'EnsembleAnomalyDetector' object has no attribute 'detect_anomaly'
2025-07-22 23:29:56,723 - src.data_processing.processors.report_processor - ERROR - report_processor.py:258 - 处理单个报告失败: 'EnsembleAnomalyDetector' object has no attribute 'detect_anomaly'
2025-07-22 23:29:56,723 - src.data_processing.processors.report_processor - ERROR - report_processor.py:197 - 处理报告失败: 'EnsembleAnomalyDetector' object has no attribute 'detect_anomaly'
2025-07-22 23:29:56,723 - src.data_processing.processors.report_processor - ERROR - report_processor.py:197 - 处理报告失败: 'EnsembleAnomalyDetector' object has no attribute 'detect_anomaly'
2025-07-22 23:29:56,724 - src.data_processing.processors.report_processor - ERROR - report_processor.py:197 - 处理报告失败: 'EnsembleAnomalyDetector' object has no attribute 'detect_anomaly'
2025-07-22 23:29:56,724 - src.data_processing.processors.report_processor - ERROR - report_processor.py:197 - 处理报告失败: 'EnsembleAnomalyDetector' object has no attribute 'detect_anomaly'
2025-07-22 23:29:56,724 - src.data_processing.processors.report_processor - ERROR - report_processor.py:197 - 处理报告失败: 'EnsembleAnomalyDetector' object has no attribute 'detect_anomaly'
2025-07-22 23:29:56,724 - src.data_processing.processors.report_processor - ERROR - report_processor.py:197 - 处理报告失败: 'EnsembleAnomalyDetector' object has no attribute 'detect_anomaly'
2025-07-22 23:29:56,724 - src.data_processing.processors.report_processor - ERROR - report_processor.py:197 - 处理报告失败: 'EnsembleAnomalyDetector' object has no attribute 'detect_anomaly'
2025-07-22 23:29:56,724 - src.data_processing.processors.report_processor - ERROR - report_processor.py:197 - 处理报告失败: 'EnsembleAnomalyDetector' object has no attribute 'detect_anomaly'
2025-07-22 23:29:56,724 - src.data_processing.processors.report_processor - ERROR - report_processor.py:197 - 处理报告失败: 'EnsembleAnomalyDetector' object has no attribute 'detect_anomaly'
2025-07-22 23:29:56,724 - src.data_processing.processors.report_processor - ERROR - report_processor.py:197 - 处理报告失败: 'EnsembleAnomalyDetector' object has no attribute 'detect_anomaly'
2025-07-22 23:29:56,725 - src.data_processing.processors.report_processor - INFO - report_processor.py:215 - 处理进度: 100.0%
2025-07-22 23:29:56,828 - src.data_processing.processors.report_processor - ERROR - report_processor.py:103 - 批量处理失败: 'success_rate'
2025-07-22 23:54:33,218 - src.data_processing.processors.report_processor - INFO - report_processor.py:60 - 研报数据处理器初始化完成
2025-07-22 23:54:33,219 - src.data_processing.processors.report_processor - INFO - report_processor.py:78 - 开始批量处理数据，格式: auto
2025-07-22 23:54:33,220 - src.data_processing.processors.report_processor - INFO - report_processor.py:87 - 载入 1 条研报数据
2025-07-22 23:54:33,220 - src.data_processing.processors.report_processor - INFO - report_processor.py:188 - 处理第 1 批，共 1 条
2025-07-22 23:54:33,220 - src.data_processing.processors.report_processor - ERROR - report_processor.py:258 - 处理单个报告失败: 'EnsembleAnomalyDetector' object has no attribute 'detect_anomaly'
2025-07-22 23:54:33,220 - src.data_processing.processors.report_processor - ERROR - report_processor.py:197 - 处理报告失败: 'EnsembleAnomalyDetector' object has no attribute 'detect_anomaly'
2025-07-22 23:54:33,220 - src.data_processing.processors.report_processor - INFO - report_processor.py:215 - 处理进度: 100.0%
2025-07-22 23:54:33,326 - src.data_processing.processors.report_processor - ERROR - report_processor.py:103 - 批量处理失败: 'success_rate'
